Analysis & Synthesis report for MU0CPUFINAL
Mon Mar  9 15:24:13 2020
Quartus Prime Version 18.1.0 Build 625 09/12/2018 SJ Standard Edition


---------------------
; Table of Contents ;
---------------------
  1. Legal Notice
  2. Analysis & Synthesis Summary
  3. Analysis & Synthesis Settings
  4. Parallel Compilation
  5. Analysis & Synthesis Source Files Read
  6. Analysis & Synthesis Resource Usage Summary
  7. Analysis & Synthesis Resource Utilization by Entity
  8. Analysis & Synthesis RAM Summary
  9. Analysis & Synthesis IP Cores Summary
 10. Registers Removed During Synthesis
 11. General Register Statistics
 12. Multiplexer Restructuring Statistics (Restructuring Performed)
 13. Source assignments for lab5ram1port:lab5ram|altsyncram:altsyncram_component|altsyncram_99o1:auto_generated
 14. Parameter Settings for User Entity Instance: top:inst9|LPM_FF:SKIP
 15. Parameter Settings for User Entity Instance: top:inst9|LPM_FF:CARRY
 16. Parameter Settings for User Entity Instance: top:inst9|regfile:REGFILE|LPM_MUX:MUX4A
 17. Parameter Settings for User Entity Instance: top:inst9|regfile:REGFILE|LPM_FF:R1
 18. Parameter Settings for User Entity Instance: top:inst9|regfile:REGFILE|LPM_DECODE:DEMUX4
 19. Parameter Settings for User Entity Instance: top:inst9|regfile:REGFILE|LPM_FF:R2
 20. Parameter Settings for User Entity Instance: top:inst9|regfile:REGFILE|LPM_FF:R3
 21. Parameter Settings for User Entity Instance: top:inst9|regfile:REGFILE|LPM_FF:R0
 22. Parameter Settings for User Entity Instance: top:inst9|regfile:REGFILE|BUSMUX:MUX2
 23. Parameter Settings for User Entity Instance: top:inst9|regfile:REGFILE|LPM_MUX:MUX4B
 24. Parameter Settings for User Entity Instance: BUSMUX:MUX
 25. Parameter Settings for User Entity Instance: LPM_FF:IR
 26. Parameter Settings for User Entity Instance: lab5ram1port:lab5ram|altsyncram:altsyncram_component
 27. Parameter Settings for User Entity Instance: BUSMUX:MUX1
 28. Parameter Settings for User Entity Instance: LPM_COUNTER:inst4
 29. Parameter Settings for User Entity Instance: BUSMUX:MUX3
 30. Parameter Settings for User Entity Instance: LPM_ADD_SUB:ALU2
 31. Parameter Settings for User Entity Instance: BUSMUX:MUX4
 32. Parameter Settings for User Entity Instance: LPM_CONSTANT:inst7
 33. Parameter Settings for User Entity Instance: LPM_FF:CARRY
 34. altsyncram Parameter Settings by Entity Instance
 35. Post-Synthesis Netlist Statistics for Top Partition
 36. Elapsed Time Per Partition
 37. Analysis & Synthesis Messages



----------------
; Legal Notice ;
----------------
Copyright (C) 2018  Intel Corporation. All rights reserved.
Your use of Intel Corporation's design tools, logic functions 
and other software and tools, and its AMPP partner logic 
functions, and any output files from any of the foregoing 
(including device programming or simulation files), and any 
associated documentation or information are expressly subject 
to the terms and conditions of the Intel Program License 
Subscription Agreement, the Intel Quartus Prime License Agreement,
the Intel FPGA IP License Agreement, or other applicable license
agreement, including, without limitation, that your use is for
the sole purpose of programming logic devices manufactured by
Intel and sold by Intel or its authorized distributors.  Please
refer to the applicable agreement for further details.



+-----------------------------------------------------------------------------------+
; Analysis & Synthesis Summary                                                      ;
+---------------------------------+-------------------------------------------------+
; Analysis & Synthesis Status     ; Successful - Mon Mar  9 15:24:13 2020           ;
; Quartus Prime Version           ; 18.1.0 Build 625 09/12/2018 SJ Standard Edition ;
; Revision Name                   ; MU0CPUFINAL                                     ;
; Top-level Entity Name           ; MU0CPU                                          ;
; Family                          ; Cyclone V                                       ;
; Logic utilization (in ALMs)     ; N/A                                             ;
; Total registers                 ; 96                                              ;
; Total pins                      ; 145                                             ;
; Total virtual pins              ; 0                                               ;
; Total block memory bits         ; 65,536                                          ;
; Total DSP Blocks                ; 0                                               ;
; Total HSSI RX PCSs              ; 0                                               ;
; Total HSSI PMA RX Deserializers ; 0                                               ;
; Total HSSI TX PCSs              ; 0                                               ;
; Total HSSI PMA TX Serializers   ; 0                                               ;
; Total PLLs                      ; 0                                               ;
; Total DLLs                      ; 0                                               ;
+---------------------------------+-------------------------------------------------+


+---------------------------------------------------------------------------------------------------------------------------+
; Analysis & Synthesis Settings                                                                                             ;
+---------------------------------------------------------------------------------+--------------------+--------------------+
; Option                                                                          ; Setting            ; Default Value      ;
+---------------------------------------------------------------------------------+--------------------+--------------------+
; Device                                                                          ; 5CGXFC7C7F23C8     ;                    ;
; Top-level entity name                                                           ; MU0CPU             ; MU0CPUFINAL        ;
; Family name                                                                     ; Cyclone V          ; Cyclone V          ;
; Use smart compilation                                                           ; Off                ; Off                ;
; Enable parallel Assembler and Timing Analyzer during compilation                ; On                 ; On                 ;
; Enable compact report table                                                     ; Off                ; Off                ;
; Restructure Multiplexers                                                        ; Auto               ; Auto               ;
; MLAB Add Timing Constraints For Mixed-Port Feed-Through Mode Setting Don't Care ; Off                ; Off                ;
; Create Debugging Nodes for IP Cores                                             ; Off                ; Off                ;
; Preserve fewer node names                                                       ; On                 ; On                 ;
; Intel FPGA IP Evaluation Mode                                                   ; Enable             ; Enable             ;
; Verilog Version                                                                 ; Verilog_2001       ; Verilog_2001       ;
; VHDL Version                                                                    ; VHDL_1993          ; VHDL_1993          ;
; State Machine Processing                                                        ; Auto               ; Auto               ;
; Safe State Machine                                                              ; Off                ; Off                ;
; Extract Verilog State Machines                                                  ; On                 ; On                 ;
; Extract VHDL State Machines                                                     ; On                 ; On                 ;
; Ignore Verilog initial constructs                                               ; Off                ; Off                ;
; Iteration limit for constant Verilog loops                                      ; 5000               ; 5000               ;
; Iteration limit for non-constant Verilog loops                                  ; 250                ; 250                ;
; Add Pass-Through Logic to Inferred RAMs                                         ; On                 ; On                 ;
; Infer RAMs from Raw Logic                                                       ; On                 ; On                 ;
; Parallel Synthesis                                                              ; On                 ; On                 ;
; DSP Block Balancing                                                             ; Auto               ; Auto               ;
; NOT Gate Push-Back                                                              ; On                 ; On                 ;
; Power-Up Don't Care                                                             ; On                 ; On                 ;
; Remove Redundant Logic Cells                                                    ; Off                ; Off                ;
; Remove Duplicate Registers                                                      ; On                 ; On                 ;
; Ignore CARRY Buffers                                                            ; Off                ; Off                ;
; Ignore CASCADE Buffers                                                          ; Off                ; Off                ;
; Ignore GLOBAL Buffers                                                           ; Off                ; Off                ;
; Ignore ROW GLOBAL Buffers                                                       ; Off                ; Off                ;
; Ignore LCELL Buffers                                                            ; Off                ; Off                ;
; Ignore SOFT Buffers                                                             ; On                 ; On                 ;
; Limit AHDL Integers to 32 Bits                                                  ; Off                ; Off                ;
; Optimization Technique                                                          ; Balanced           ; Balanced           ;
; Carry Chain Length                                                              ; 70                 ; 70                 ;
; Auto Carry Chains                                                               ; On                 ; On                 ;
; Auto Open-Drain Pins                                                            ; On                 ; On                 ;
; Perform WYSIWYG Primitive Resynthesis                                           ; Off                ; Off                ;
; Auto ROM Replacement                                                            ; On                 ; On                 ;
; Auto RAM Replacement                                                            ; On                 ; On                 ;
; Auto DSP Block Replacement                                                      ; On                 ; On                 ;
; Auto Shift Register Replacement                                                 ; Auto               ; Auto               ;
; Allow Shift Register Merging across Hierarchies                                 ; Auto               ; Auto               ;
; Auto Clock Enable Replacement                                                   ; On                 ; On                 ;
; Strict RAM Replacement                                                          ; Off                ; Off                ;
; Allow Synchronous Control Signals                                               ; On                 ; On                 ;
; Force Use of Synchronous Clear Signals                                          ; Off                ; Off                ;
; Auto Resource Sharing                                                           ; Off                ; Off                ;
; Allow Any RAM Size For Recognition                                              ; Off                ; Off                ;
; Allow Any ROM Size For Recognition                                              ; Off                ; Off                ;
; Allow Any Shift Register Size For Recognition                                   ; Off                ; Off                ;
; Use LogicLock Constraints during Resource Balancing                             ; On                 ; On                 ;
; Ignore translate_off and synthesis_off directives                               ; Off                ; Off                ;
; Timing-Driven Synthesis                                                         ; On                 ; On                 ;
; Report Parameter Settings                                                       ; On                 ; On                 ;
; Report Source Assignments                                                       ; On                 ; On                 ;
; Report Connectivity Checks                                                      ; On                 ; On                 ;
; Ignore Maximum Fan-Out Assignments                                              ; Off                ; Off                ;
; Synchronization Register Chain Length                                           ; 3                  ; 3                  ;
; Power Optimization During Synthesis                                             ; Normal compilation ; Normal compilation ;
; HDL message level                                                               ; Level2             ; Level2             ;
; Suppress Register Optimization Related Messages                                 ; Off                ; Off                ;
; Number of Removed Registers Reported in Synthesis Report                        ; 5000               ; 5000               ;
; Number of Swept Nodes Reported in Synthesis Report                              ; 5000               ; 5000               ;
; Number of Inverted Registers Reported in Synthesis Report                       ; 100                ; 100                ;
; Clock MUX Protection                                                            ; On                 ; On                 ;
; Auto Gated Clock Conversion                                                     ; Off                ; Off                ;
; Block Design Naming                                                             ; Auto               ; Auto               ;
; SDC constraint protection                                                       ; Off                ; Off                ;
; Synthesis Effort                                                                ; Auto               ; Auto               ;
; Shift Register Replacement - Allow Asynchronous Clear Signal                    ; On                 ; On                 ;
; Pre-Mapping Resynthesis Optimization                                            ; Off                ; Off                ;
; Analysis & Synthesis Message Level                                              ; Medium             ; Medium             ;
; Disable Register Merging Across Hierarchies                                     ; Auto               ; Auto               ;
; Resource Aware Inference For Block RAM                                          ; On                 ; On                 ;
; Automatic Parallel Synthesis                                                    ; On                 ; On                 ;
; Partial Reconfiguration Bitstream ID                                            ; Off                ; Off                ;
+---------------------------------------------------------------------------------+--------------------+--------------------+


+------------------------------------------+
; Parallel Compilation                     ;
+----------------------------+-------------+
; Processors                 ; Number      ;
+----------------------------+-------------+
; Number detected on machine ; 48          ;
; Maximum allowed            ; 16          ;
;                            ;             ;
; Average used               ; 1.00        ;
; Maximum used               ; 16          ;
;                            ;             ;
; Usage by Processor         ; % Time Used ;
;     Processor 1            ; 100.0%      ;
;     Processors 2-16        ;   0.0%      ;
+----------------------------+-------------+


+-----------------------------------------------------------------------------------------------------------------------------------------------------------------------------------------------------------+
; Analysis & Synthesis Source Files Read                                                                                                                                                                    ;
+----------------------------------+-----------------+------------------------------------+-------------------------------------------------------------------------------------------------------+---------+
; File Name with User-Entered Path ; Used in Netlist ; File Type                          ; File Name with Absolute Path                                                                          ; Library ;
+----------------------------------+-----------------+------------------------------------+-------------------------------------------------------------------------------------------------------+---------+
; regfile.bdf                      ; yes             ; User Block Diagram/Schematic File  ; /home/wz1119/nfshome/unpipelined/MU0-CPU-Design/MU0CPUFINAL_shiftdone_restored/regfile.bdf            ;         ;
; top.bdf                          ; yes             ; User Block Diagram/Schematic File  ; /home/wz1119/nfshome/unpipelined/MU0-CPU-Design/MU0CPUFINAL_shiftdone_restored/top.bdf                ;         ;
; alu.v                            ; yes             ; User Verilog HDL File              ; /home/wz1119/nfshome/unpipelined/MU0-CPU-Design/MU0CPUFINAL_shiftdone_restored/alu.v                  ;         ;
; cpu_statemachine.v               ; yes             ; User Verilog HDL File              ; /home/wz1119/nfshome/unpipelined/MU0-CPU-Design/MU0CPUFINAL_shiftdone_restored/cpu_statemachine.v     ;         ;
; MU0CPU.bdf                       ; yes             ; User Block Diagram/Schematic File  ; /home/wz1119/nfshome/unpipelined/MU0-CPU-Design/MU0CPUFINAL_shiftdone_restored/MU0CPU.bdf             ;         ;
; 3_bit_register.bdf               ; yes             ; User Block Diagram/Schematic File  ; /home/wz1119/nfshome/unpipelined/MU0-CPU-Design/MU0CPUFINAL_shiftdone_restored/3_bit_register.bdf     ;         ;
; DECODER_CHECK.v                  ; yes             ; User Verilog HDL File              ; /home/wz1119/nfshome/unpipelined/MU0-CPU-Design/MU0CPUFINAL_shiftdone_restored/DECODER_CHECK.v        ;         ;
; lab5ram1port.v                   ; yes             ; User Wizard-Generated File         ; /home/wz1119/nfshome/unpipelined/MU0-CPU-Design/MU0CPUFINAL_shiftdone_restored/lab5ram1port.v         ;         ;
; lab5.mif                         ; yes             ; User Memory Initialization File    ; /home/wz1119/nfshome/unpipelined/MU0-CPU-Design/MU0CPUFINAL_shiftdone_restored/lab5.mif               ;         ;
; skip_ctrl.v                      ; yes             ; User Verilog HDL File              ; /home/wz1119/nfshome/unpipelined/MU0-CPU-Design/MU0CPUFINAL_shiftdone_restored/skip_ctrl.v            ;         ;
; lpm_ff.tdf                       ; yes             ; Megafunction                       ; /usr/local/altera/18.1/quartus/libraries/megafunctions/lpm_ff.tdf                                     ;         ;
; lpm_constant.inc                 ; yes             ; Megafunction                       ; /usr/local/altera/18.1/quartus/libraries/megafunctions/lpm_constant.inc                               ;         ;
; aglobal181.inc                   ; yes             ; Megafunction                       ; /usr/local/altera/18.1/quartus/libraries/megafunctions/aglobal181.inc                                 ;         ;
; lpm_mux.tdf                      ; yes             ; Megafunction                       ; /usr/local/altera/18.1/quartus/libraries/megafunctions/lpm_mux.tdf                                    ;         ;
; muxlut.inc                       ; yes             ; Megafunction                       ; /usr/local/altera/18.1/quartus/libraries/megafunctions/muxlut.inc                                     ;         ;
; bypassff.inc                     ; yes             ; Megafunction                       ; /usr/local/altera/18.1/quartus/libraries/megafunctions/bypassff.inc                                   ;         ;
; altshift.inc                     ; yes             ; Megafunction                       ; /usr/local/altera/18.1/quartus/libraries/megafunctions/altshift.inc                                   ;         ;
; db/mux_ilc.tdf                   ; yes             ; Auto-Generated Megafunction        ; /home/wz1119/nfshome/unpipelined/MU0-CPU-Design/MU0CPUFINAL_shiftdone_restored/db/mux_ilc.tdf         ;         ;
; lpm_decode.tdf                   ; yes             ; Megafunction                       ; /usr/local/altera/18.1/quartus/libraries/megafunctions/lpm_decode.tdf                                 ;         ;
; declut.inc                       ; yes             ; Megafunction                       ; /usr/local/altera/18.1/quartus/libraries/megafunctions/declut.inc                                     ;         ;
; lpm_compare.inc                  ; yes             ; Megafunction                       ; /usr/local/altera/18.1/quartus/libraries/megafunctions/lpm_compare.inc                                ;         ;
; db/decode_2of.tdf                ; yes             ; Auto-Generated Megafunction        ; /home/wz1119/nfshome/unpipelined/MU0-CPU-Design/MU0CPUFINAL_shiftdone_restored/db/decode_2of.tdf      ;         ;
; busmux.tdf                       ; yes             ; Megafunction                       ; /usr/local/altera/18.1/quartus/libraries/megafunctions/busmux.tdf                                     ;         ;
; lpm_mux.inc                      ; yes             ; Megafunction                       ; /usr/local/altera/18.1/quartus/libraries/megafunctions/lpm_mux.inc                                    ;         ;
; db/mux_flc.tdf                   ; yes             ; Auto-Generated Megafunction        ; /home/wz1119/nfshome/unpipelined/MU0-CPU-Design/MU0CPUFINAL_shiftdone_restored/db/mux_flc.tdf         ;         ;
; altsyncram.tdf                   ; yes             ; Megafunction                       ; /usr/local/altera/18.1/quartus/libraries/megafunctions/altsyncram.tdf                                 ;         ;
; stratix_ram_block.inc            ; yes             ; Megafunction                       ; /usr/local/altera/18.1/quartus/libraries/megafunctions/stratix_ram_block.inc                          ;         ;
; lpm_decode.inc                   ; yes             ; Megafunction                       ; /usr/local/altera/18.1/quartus/libraries/megafunctions/lpm_decode.inc                                 ;         ;
; a_rdenreg.inc                    ; yes             ; Megafunction                       ; /usr/local/altera/18.1/quartus/libraries/megafunctions/a_rdenreg.inc                                  ;         ;
; altrom.inc                       ; yes             ; Megafunction                       ; /usr/local/altera/18.1/quartus/libraries/megafunctions/altrom.inc                                     ;         ;
; altram.inc                       ; yes             ; Megafunction                       ; /usr/local/altera/18.1/quartus/libraries/megafunctions/altram.inc                                     ;         ;
; altdpram.inc                     ; yes             ; Megafunction                       ; /usr/local/altera/18.1/quartus/libraries/megafunctions/altdpram.inc                                   ;         ;
; db/altsyncram_99o1.tdf           ; yes             ; Auto-Generated Megafunction        ; /home/wz1119/nfshome/unpipelined/MU0-CPU-Design/MU0CPUFINAL_shiftdone_restored/db/altsyncram_99o1.tdf ;         ;
; db/mux_blc.tdf                   ; yes             ; Auto-Generated Megafunction        ; /home/wz1119/nfshome/unpipelined/MU0-CPU-Design/MU0CPUFINAL_shiftdone_restored/db/mux_blc.tdf         ;         ;
; lpm_counter.tdf                  ; yes             ; Megafunction                       ; /usr/local/altera/18.1/quartus/libraries/megafunctions/lpm_counter.tdf                                ;         ;
; lpm_add_sub.inc                  ; yes             ; Megafunction                       ; /usr/local/altera/18.1/quartus/libraries/megafunctions/lpm_add_sub.inc                                ;         ;
; cmpconst.inc                     ; yes             ; Megafunction                       ; /usr/local/altera/18.1/quartus/libraries/megafunctions/cmpconst.inc                                   ;         ;
; lpm_counter.inc                  ; yes             ; Megafunction                       ; /usr/local/altera/18.1/quartus/libraries/megafunctions/lpm_counter.inc                                ;         ;
; dffeea.inc                       ; yes             ; Megafunction                       ; /usr/local/altera/18.1/quartus/libraries/megafunctions/dffeea.inc                                     ;         ;
; alt_counter_stratix.inc          ; yes             ; Megafunction                       ; /usr/local/altera/18.1/quartus/libraries/megafunctions/alt_counter_stratix.inc                        ;         ;
; db/cntr_0gh.tdf                  ; yes             ; Auto-Generated Megafunction        ; /home/wz1119/nfshome/unpipelined/MU0-CPU-Design/MU0CPUFINAL_shiftdone_restored/db/cntr_0gh.tdf        ;         ;
; lpm_add_sub.tdf                  ; yes             ; Megafunction                       ; /usr/local/altera/18.1/quartus/libraries/megafunctions/lpm_add_sub.tdf                                ;         ;
; addcore.inc                      ; yes             ; Megafunction                       ; /usr/local/altera/18.1/quartus/libraries/megafunctions/addcore.inc                                    ;         ;
; look_add.inc                     ; yes             ; Megafunction                       ; /usr/local/altera/18.1/quartus/libraries/megafunctions/look_add.inc                                   ;         ;
; alt_stratix_add_sub.inc          ; yes             ; Megafunction                       ; /usr/local/altera/18.1/quartus/libraries/megafunctions/alt_stratix_add_sub.inc                        ;         ;
; db/add_sub_i1b.tdf               ; yes             ; Auto-Generated Megafunction        ; /home/wz1119/nfshome/unpipelined/MU0-CPU-Design/MU0CPUFINAL_shiftdone_restored/db/add_sub_i1b.tdf     ;         ;
; lpm_constant.tdf                 ; yes             ; Megafunction                       ; /usr/local/altera/18.1/quartus/libraries/megafunctions/lpm_constant.tdf                               ;         ;
+----------------------------------+-----------------+------------------------------------+-------------------------------------------------------------------------------------------------------+---------+


+---------------------------------------------------------+
; Analysis & Synthesis Resource Usage Summary             ;
+---------------------------------------------+-----------+
; Resource                                    ; Usage     ;
+---------------------------------------------+-----------+
; Estimate of Logic utilization (ALMs needed) ; 145       ;
;                                             ;           ;
; Combinational ALUT usage for logic          ; 205       ;
;     -- 7 input functions                    ; 0         ;
;     -- 6 input functions                    ; 64        ;
;     -- 5 input functions                    ; 10        ;
;     -- 4 input functions                    ; 60        ;
;     -- <=3 input functions                  ; 71        ;
;                                             ;           ;
; Dedicated logic registers                   ; 96        ;
;                                             ;           ;
; I/O pins                                    ; 145       ;
; Total MLAB memory bits                      ; 0         ;
; Total block memory bits                     ; 65536     ;
;                                             ;           ;
; Total DSP Blocks                            ; 0         ;
;                                             ;           ;
; Maximum fan-out node                        ; CLK~input ;
; Maximum fan-out                             ; 112       ;
; Total fan-out                               ; 1732      ;
; Average fan-out                             ; 2.85      ;
+---------------------------------------------+-----------+


+------------------------------------------------------------------------------------------------------------------------------------------------------------------------------------------------------------------------------------------------------------------------------------+
; Analysis & Synthesis Resource Utilization by Entity                                                                                                                                                                                                                                ;
+-------------------------------------------+---------------------+---------------------------+-------------------+------------+------+--------------+---------------------------------------------------------------------------------------------+------------------+--------------+
; Compilation Hierarchy Node                ; Combinational ALUTs ; Dedicated Logic Registers ; Block Memory Bits ; DSP Blocks ; Pins ; Virtual Pins ; Full Hierarchy Name                                                                         ; Entity Name      ; Library Name ;
+-------------------------------------------+---------------------+---------------------------+-------------------+------------+------+--------------+---------------------------------------------------------------------------------------------+------------------+--------------+
; |MU0CPU                                   ; 205 (0)             ; 96 (0)                    ; 65536             ; 0          ; 145  ; 0            ; |MU0CPU                                                                                     ; MU0CPU           ; work         ;
;    |3_bit_register:register3|             ; 1 (1)               ; 2 (2)                     ; 0                 ; 0          ; 0    ; 0            ; |MU0CPU|3_bit_register:register3                                                            ; 3_bit_register   ; work         ;
;    |DECODER_CHECK:inst|                   ; 14 (14)             ; 0 (0)                     ; 0                 ; 0          ; 0    ; 0            ; |MU0CPU|DECODER_CHECK:inst                                                                  ; DECODER_CHECK    ; work         ;
;    |busmux:MUX1|                          ; 12 (0)              ; 0 (0)                     ; 0                 ; 0          ; 0    ; 0            ; |MU0CPU|busmux:MUX1                                                                         ; busmux           ; work         ;
;       |lpm_mux:$00000|                    ; 12 (0)              ; 0 (0)                     ; 0                 ; 0          ; 0    ; 0            ; |MU0CPU|busmux:MUX1|lpm_mux:$00000                                                          ; lpm_mux          ; work         ;
;          |mux_blc:auto_generated|         ; 12 (12)             ; 0 (0)                     ; 0                 ; 0          ; 0    ; 0            ; |MU0CPU|busmux:MUX1|lpm_mux:$00000|mux_blc:auto_generated                                   ; mux_blc          ; work         ;
;    |busmux:MUX|                           ; 16 (0)              ; 0 (0)                     ; 0                 ; 0          ; 0    ; 0            ; |MU0CPU|busmux:MUX                                                                          ; busmux           ; work         ;
;       |lpm_mux:$00000|                    ; 16 (0)              ; 0 (0)                     ; 0                 ; 0          ; 0    ; 0            ; |MU0CPU|busmux:MUX|lpm_mux:$00000                                                           ; lpm_mux          ; work         ;
;          |mux_flc:auto_generated|         ; 16 (16)             ; 0 (0)                     ; 0                 ; 0          ; 0    ; 0            ; |MU0CPU|busmux:MUX|lpm_mux:$00000|mux_flc:auto_generated                                    ; mux_flc          ; work         ;
;    |cpu_statemachine:inst3|               ; 4 (4)               ; 0 (0)                     ; 0                 ; 0          ; 0    ; 0            ; |MU0CPU|cpu_statemachine:inst3                                                              ; cpu_statemachine ; work         ;
;    |lab5ram1port:lab5ram|                 ; 0 (0)               ; 0 (0)                     ; 65536             ; 0          ; 0    ; 0            ; |MU0CPU|lab5ram1port:lab5ram                                                                ; lab5ram1port     ; work         ;
;       |altsyncram:altsyncram_component|   ; 0 (0)               ; 0 (0)                     ; 65536             ; 0          ; 0    ; 0            ; |MU0CPU|lab5ram1port:lab5ram|altsyncram:altsyncram_component                                ; altsyncram       ; work         ;
;          |altsyncram_99o1:auto_generated| ; 0 (0)               ; 0 (0)                     ; 65536             ; 0          ; 0    ; 0            ; |MU0CPU|lab5ram1port:lab5ram|altsyncram:altsyncram_component|altsyncram_99o1:auto_generated ; altsyncram_99o1  ; work         ;
;    |lpm_add_sub:ALU2|                     ; 17 (0)              ; 0 (0)                     ; 0                 ; 0          ; 0    ; 0            ; |MU0CPU|lpm_add_sub:ALU2                                                                    ; lpm_add_sub      ; work         ;
;       |add_sub_i1b:auto_generated|        ; 17 (17)             ; 0 (0)                     ; 0                 ; 0          ; 0    ; 0            ; |MU0CPU|lpm_add_sub:ALU2|add_sub_i1b:auto_generated                                         ; add_sub_i1b      ; work         ;
;    |lpm_counter:inst4|                    ; 14 (0)              ; 12 (0)                    ; 0                 ; 0          ; 0    ; 0            ; |MU0CPU|lpm_counter:inst4                                                                   ; lpm_counter      ; work         ;
;       |cntr_0gh:auto_generated|           ; 14 (14)             ; 12 (12)                   ; 0                 ; 0          ; 0    ; 0            ; |MU0CPU|lpm_counter:inst4|cntr_0gh:auto_generated                                           ; cntr_0gh         ; work         ;
;    |lpm_ff:IR|                            ; 0 (0)               ; 16 (16)                   ; 0                 ; 0          ; 0    ; 0            ; |MU0CPU|lpm_ff:IR                                                                           ; lpm_ff           ; work         ;
;    |skip_ctrl:inst2|                      ; 1 (1)               ; 0 (0)                     ; 0                 ; 0          ; 0    ; 0            ; |MU0CPU|skip_ctrl:inst2                                                                     ; skip_ctrl        ; work         ;
;    |skip_ctrl:inst5|                      ; 2 (2)               ; 0 (0)                     ; 0                 ; 0          ; 0    ; 0            ; |MU0CPU|skip_ctrl:inst5                                                                     ; skip_ctrl        ; work         ;
;    |top:inst9|                            ; 124 (0)             ; 66 (0)                    ; 0                 ; 0          ; 0    ; 0            ; |MU0CPU|top:inst9                                                                           ; top              ; work         ;
;       |alu:inst4|                         ; 66 (66)             ; 0 (0)                     ; 0                 ; 0          ; 0    ; 0            ; |MU0CPU|top:inst9|alu:inst4                                                                 ; alu              ; work         ;
;       |lpm_ff:CARRY|                      ; 0 (0)               ; 1 (1)                     ; 0                 ; 0          ; 0    ; 0            ; |MU0CPU|top:inst9|lpm_ff:CARRY                                                              ; lpm_ff           ; work         ;
;       |lpm_ff:SKIP|                       ; 1 (1)               ; 1 (1)                     ; 0                 ; 0          ; 0    ; 0            ; |MU0CPU|top:inst9|lpm_ff:SKIP                                                               ; lpm_ff           ; work         ;
;       |regfile:REGFILE|                   ; 54 (1)              ; 64 (0)                    ; 0                 ; 0          ; 0    ; 0            ; |MU0CPU|top:inst9|regfile:REGFILE                                                           ; regfile          ; work         ;
;          |busmux:MUX2|                    ; 33 (0)              ; 0 (0)                     ; 0                 ; 0          ; 0    ; 0            ; |MU0CPU|top:inst9|regfile:REGFILE|busmux:MUX2                                               ; busmux           ; work         ;
;             |lpm_mux:$00000|              ; 33 (0)              ; 0 (0)                     ; 0                 ; 0          ; 0    ; 0            ; |MU0CPU|top:inst9|regfile:REGFILE|busmux:MUX2|lpm_mux:$00000                                ; lpm_mux          ; work         ;
;                |mux_flc:auto_generated|   ; 33 (33)             ; 0 (0)                     ; 0                 ; 0          ; 0    ; 0            ; |MU0CPU|top:inst9|regfile:REGFILE|busmux:MUX2|lpm_mux:$00000|mux_flc:auto_generated         ; mux_flc          ; work         ;
;          |lpm_decode:DEMUX4|              ; 3 (0)               ; 0 (0)                     ; 0                 ; 0          ; 0    ; 0            ; |MU0CPU|top:inst9|regfile:REGFILE|lpm_decode:DEMUX4                                         ; lpm_decode       ; work         ;
;             |decode_2of:auto_generated|   ; 3 (3)               ; 0 (0)                     ; 0                 ; 0          ; 0    ; 0            ; |MU0CPU|top:inst9|regfile:REGFILE|lpm_decode:DEMUX4|decode_2of:auto_generated               ; decode_2of       ; work         ;
;          |lpm_ff:R0|                      ; 0 (0)               ; 16 (16)                   ; 0                 ; 0          ; 0    ; 0            ; |MU0CPU|top:inst9|regfile:REGFILE|lpm_ff:R0                                                 ; lpm_ff           ; work         ;
;          |lpm_ff:R1|                      ; 0 (0)               ; 16 (16)                   ; 0                 ; 0          ; 0    ; 0            ; |MU0CPU|top:inst9|regfile:REGFILE|lpm_ff:R1                                                 ; lpm_ff           ; work         ;
;          |lpm_ff:R2|                      ; 0 (0)               ; 16 (16)                   ; 0                 ; 0          ; 0    ; 0            ; |MU0CPU|top:inst9|regfile:REGFILE|lpm_ff:R2                                                 ; lpm_ff           ; work         ;
;          |lpm_ff:R3|                      ; 0 (0)               ; 16 (16)                   ; 0                 ; 0          ; 0    ; 0            ; |MU0CPU|top:inst9|regfile:REGFILE|lpm_ff:R3                                                 ; lpm_ff           ; work         ;
;          |lpm_mux:MUX4A|                  ; 1 (0)               ; 0 (0)                     ; 0                 ; 0          ; 0    ; 0            ; |MU0CPU|top:inst9|regfile:REGFILE|lpm_mux:MUX4A                                             ; lpm_mux          ; work         ;
;             |mux_ilc:auto_generated|      ; 1 (1)               ; 0 (0)                     ; 0                 ; 0          ; 0    ; 0            ; |MU0CPU|top:inst9|regfile:REGFILE|lpm_mux:MUX4A|mux_ilc:auto_generated                      ; mux_ilc          ; work         ;
;          |lpm_mux:MUX4B|                  ; 16 (0)              ; 0 (0)                     ; 0                 ; 0          ; 0    ; 0            ; |MU0CPU|top:inst9|regfile:REGFILE|lpm_mux:MUX4B                                             ; lpm_mux          ; work         ;
;             |mux_ilc:auto_generated|      ; 16 (16)             ; 0 (0)                     ; 0                 ; 0          ; 0    ; 0            ; |MU0CPU|top:inst9|regfile:REGFILE|lpm_mux:MUX4B|mux_ilc:auto_generated                      ; mux_ilc          ; work         ;
;       |skip_ctrl:inst2|                   ; 1 (1)               ; 0 (0)                     ; 0                 ; 0          ; 0    ; 0            ; |MU0CPU|top:inst9|skip_ctrl:inst2                                                           ; skip_ctrl        ; work         ;
;       |skip_ctrl:inst3|                   ; 2 (2)               ; 0 (0)                     ; 0                 ; 0          ; 0    ; 0            ; |MU0CPU|top:inst9|skip_ctrl:inst3                                                           ; skip_ctrl        ; work         ;
+-------------------------------------------+---------------------+---------------------------+-------------------+------------+------+--------------+---------------------------------------------------------------------------------------------+------------------+--------------+
Note: For table entries with two numbers listed, the numbers in parentheses indicate the number of resources of the given type used by the specific entity alone. The numbers listed outside of parentheses indicate the total resources of the given type used by the specific entity and all of its sub-entities in the hierarchy.


+----------------------------------------------------------------------------------------------------------------------------------------------------------------------------------------------------+
; Analysis & Synthesis RAM Summary                                                                                                                                                                   ;
+------------------------------------------------------------------------------------------------+------+-------------+--------------+--------------+--------------+--------------+-------+----------+
; Name                                                                                           ; Type ; Mode        ; Port A Depth ; Port A Width ; Port B Depth ; Port B Width ; Size  ; MIF      ;
+------------------------------------------------------------------------------------------------+------+-------------+--------------+--------------+--------------+--------------+-------+----------+
; lab5ram1port:lab5ram|altsyncram:altsyncram_component|altsyncram_99o1:auto_generated|ALTSYNCRAM ; AUTO ; Single Port ; 4096         ; 16           ; --           ; --           ; 65536 ; lab5.mif ;
+------------------------------------------------------------------------------------------------+------+-------------+--------------+--------------+--------------+--------------+-------+----------+


+----------------------------------------------------------------------------------------------------------------+
; Analysis & Synthesis IP Cores Summary                                                                          ;
+--------+--------------+---------+--------------+--------------+------------------------------+-----------------+
; Vendor ; IP Core Name ; Version ; Release Date ; License Type ; Entity Instance              ; IP Include File ;
+--------+--------------+---------+--------------+--------------+------------------------------+-----------------+
; Altera ; RAM: 1-PORT  ; 18.1    ; N/A          ; N/A          ; |MU0CPU|lab5ram1port:lab5ram ; lab5ram1port.v  ;
+--------+--------------+---------+--------------+--------------+------------------------------+-----------------+


+--------------------------------------------------------------------------------+
; Registers Removed During Synthesis                                             ;
+---------------------------------------+----------------------------------------+
; Register name                         ; Reason for Removal                     ;
+---------------------------------------+----------------------------------------+
; lpm_ff:CARRY|dffs[0]                  ; Stuck at GND due to stuck port data_in ;
; 3_bit_register:register3|inst         ; Stuck at GND due to stuck port data_in ;
; Total Number of Removed Registers = 2 ;                                        ;
+---------------------------------------+----------------------------------------+


+------------------------------------------------------+
; General Register Statistics                          ;
+----------------------------------------------+-------+
; Statistic                                    ; Value ;
+----------------------------------------------+-------+
; Total registers                              ; 96    ;
; Number of registers using Synchronous Clear  ; 0     ;
; Number of registers using Synchronous Load   ; 28    ;
; Number of registers using Asynchronous Clear ; 0     ;
; Number of registers using Asynchronous Load  ; 0     ;
; Number of registers using Clock Enable       ; 77    ;
; Number of registers using Preset             ; 0     ;
+----------------------------------------------+-------+


+-----------------------------------------------------------------------------------------------------------------------------------------------------------------------------------------------------------+
; Multiplexer Restructuring Statistics (Restructuring Performed)                                                                                                                                            ;
+--------------------+-----------+---------------+----------------------+------------------------+------------+---------------------------------------------------------------------------------------------+
; Multiplexer Inputs ; Bus Width ; Baseline Area ; Area if Restructured ; Saving if Restructured ; Registered ; Example Multiplexer Output                                                                  ;
+--------------------+-----------+---------------+----------------------+------------------------+------------+---------------------------------------------------------------------------------------------+
; 3:1                ; 16 bits   ; 32 LEs        ; 32 LEs               ; 0 LEs                  ; Yes        ; |MU0CPU|top:inst9|regfile:REGFILE|lpm_ff:R0|dffs[0]                                         ;
; 4:1                ; 16 bits   ; 32 LEs        ; 32 LEs               ; 0 LEs                  ; No         ; |MU0CPU|top:inst9|regfile:REGFILE|lpm_mux:MUX4B|mux_ilc:auto_generated|l2_w5_n0_mux_dataout ;
; 4:1                ; 16 bits   ; 32 LEs        ; 32 LEs               ; 0 LEs                  ; No         ; |MU0CPU|top:inst9|alu:inst4|Mux8                                                            ;
; 5:1                ; 15 bits   ; 45 LEs        ; 45 LEs               ; 0 LEs                  ; No         ; |MU0CPU|top:inst9|alu:inst4|Add0                                                            ;
; 3:1                ; 16 bits   ; 32 LEs        ; 16 LEs               ; 16 LEs                 ; No         ; |MU0CPU|top:inst9|alu:inst4|Add0                                                            ;
+--------------------+-----------+---------------+----------------------+------------------------+------------+---------------------------------------------------------------------------------------------+


+------------------------------------------------------------------------------------------------------------+
; Source assignments for lab5ram1port:lab5ram|altsyncram:altsyncram_component|altsyncram_99o1:auto_generated ;
+---------------------------------+--------------------+------+----------------------------------------------+
; Assignment                      ; Value              ; From ; To                                           ;
+---------------------------------+--------------------+------+----------------------------------------------+
; OPTIMIZE_POWER_DURING_SYNTHESIS ; NORMAL_COMPILATION ; -    ; -                                            ;
+---------------------------------+--------------------+------+----------------------------------------------+


+--------------------------------------------------------------------+
; Parameter Settings for User Entity Instance: top:inst9|LPM_FF:SKIP ;
+------------------------+-----------+-------------------------------+
; Parameter Name         ; Value     ; Type                          ;
+------------------------+-----------+-------------------------------+
; LPM_WIDTH              ; 1         ; Untyped                       ;
; LPM_AVALUE             ; UNUSED    ; Untyped                       ;
; LPM_SVALUE             ; UNUSED    ; Untyped                       ;
; LPM_FFTYPE             ; DFF       ; Untyped                       ;
; DEVICE_FAMILY          ; Cyclone V ; Untyped                       ;
; CBXI_PARAMETER         ; NOTHING   ; Untyped                       ;
; AUTO_CARRY_CHAINS      ; ON        ; AUTO_CARRY                    ;
; IGNORE_CARRY_BUFFERS   ; OFF       ; IGNORE_CARRY                  ;
; AUTO_CASCADE_CHAINS    ; ON        ; AUTO_CASCADE                  ;
; IGNORE_CASCADE_BUFFERS ; OFF       ; IGNORE_CASCADE                ;
+------------------------+-----------+-------------------------------+
Note: In order to hide this table in the UI and the text report file, please set the "Show Parameter Settings in Synthesis Report" option in "Analysis and Synthesis Settings -> More Settings" to "Off".


+---------------------------------------------------------------------+
; Parameter Settings for User Entity Instance: top:inst9|LPM_FF:CARRY ;
+------------------------+-----------+--------------------------------+
; Parameter Name         ; Value     ; Type                           ;
+------------------------+-----------+--------------------------------+
; LPM_WIDTH              ; 1         ; Untyped                        ;
; LPM_AVALUE             ; UNUSED    ; Untyped                        ;
; LPM_SVALUE             ; UNUSED    ; Untyped                        ;
; LPM_FFTYPE             ; DFF       ; Untyped                        ;
; DEVICE_FAMILY          ; Cyclone V ; Untyped                        ;
; CBXI_PARAMETER         ; NOTHING   ; Untyped                        ;
; AUTO_CARRY_CHAINS      ; ON        ; AUTO_CARRY                     ;
; IGNORE_CARRY_BUFFERS   ; OFF       ; IGNORE_CARRY                   ;
; AUTO_CASCADE_CHAINS    ; ON        ; AUTO_CASCADE                   ;
; IGNORE_CASCADE_BUFFERS ; OFF       ; IGNORE_CASCADE                 ;
+------------------------+-----------+--------------------------------+
Note: In order to hide this table in the UI and the text report file, please set the "Show Parameter Settings in Synthesis Report" option in "Analysis and Synthesis Settings -> More Settings" to "Off".


+--------------------------------------------------------------------------------------+
; Parameter Settings for User Entity Instance: top:inst9|regfile:REGFILE|LPM_MUX:MUX4A ;
+------------------------+-----------+-------------------------------------------------+
; Parameter Name         ; Value     ; Type                                            ;
+------------------------+-----------+-------------------------------------------------+
; AUTO_CARRY_CHAINS      ; ON        ; AUTO_CARRY                                      ;
; IGNORE_CARRY_BUFFERS   ; OFF       ; IGNORE_CARRY                                    ;
; AUTO_CASCADE_CHAINS    ; ON        ; AUTO_CASCADE                                    ;
; IGNORE_CASCADE_BUFFERS ; OFF       ; IGNORE_CASCADE                                  ;
; LPM_WIDTH              ; 16        ; Untyped                                         ;
; LPM_SIZE               ; 4         ; Untyped                                         ;
; LPM_WIDTHS             ; 2         ; Untyped                                         ;
; LPM_PIPELINE           ; 0         ; Untyped                                         ;
; CBXI_PARAMETER         ; mux_ilc   ; Untyped                                         ;
; DEVICE_FAMILY          ; Cyclone V ; Untyped                                         ;
+------------------------+-----------+-------------------------------------------------+
Note: In order to hide this table in the UI and the text report file, please set the "Show Parameter Settings in Synthesis Report" option in "Analysis and Synthesis Settings -> More Settings" to "Off".


+----------------------------------------------------------------------------------+
; Parameter Settings for User Entity Instance: top:inst9|regfile:REGFILE|LPM_FF:R1 ;
+------------------------+-----------+---------------------------------------------+
; Parameter Name         ; Value     ; Type                                        ;
+------------------------+-----------+---------------------------------------------+
; LPM_WIDTH              ; 16        ; Untyped                                     ;
; LPM_AVALUE             ; UNUSED    ; Untyped                                     ;
; LPM_SVALUE             ; UNUSED    ; Untyped                                     ;
; LPM_FFTYPE             ; DFF       ; Untyped                                     ;
; DEVICE_FAMILY          ; Cyclone V ; Untyped                                     ;
; CBXI_PARAMETER         ; NOTHING   ; Untyped                                     ;
; AUTO_CARRY_CHAINS      ; ON        ; AUTO_CARRY                                  ;
; IGNORE_CARRY_BUFFERS   ; OFF       ; IGNORE_CARRY                                ;
; AUTO_CASCADE_CHAINS    ; ON        ; AUTO_CASCADE                                ;
; IGNORE_CASCADE_BUFFERS ; OFF       ; IGNORE_CASCADE                              ;
+------------------------+-----------+---------------------------------------------+
Note: In order to hide this table in the UI and the text report file, please set the "Show Parameter Settings in Synthesis Report" option in "Analysis and Synthesis Settings -> More Settings" to "Off".


+------------------------------------------------------------------------------------------+
; Parameter Settings for User Entity Instance: top:inst9|regfile:REGFILE|LPM_DECODE:DEMUX4 ;
+------------------------+------------+----------------------------------------------------+
; Parameter Name         ; Value      ; Type                                               ;
+------------------------+------------+----------------------------------------------------+
; LPM_WIDTH              ; 2          ; Untyped                                            ;
; LPM_DECODES            ; 4          ; Untyped                                            ;
; LPM_PIPELINE           ; 0          ; Untyped                                            ;
; CASCADE_CHAIN          ; MANUAL     ; Untyped                                            ;
; DEVICE_FAMILY          ; Cyclone V  ; Untyped                                            ;
; CBXI_PARAMETER         ; decode_2of ; Untyped                                            ;
; AUTO_CARRY_CHAINS      ; ON         ; AUTO_CARRY                                         ;
; IGNORE_CARRY_BUFFERS   ; OFF        ; IGNORE_CARRY                                       ;
; AUTO_CASCADE_CHAINS    ; ON         ; AUTO_CASCADE                                       ;
; IGNORE_CASCADE_BUFFERS ; OFF        ; IGNORE_CASCADE                                     ;
+------------------------+------------+----------------------------------------------------+
Note: In order to hide this table in the UI and the text report file, please set the "Show Parameter Settings in Synthesis Report" option in "Analysis and Synthesis Settings -> More Settings" to "Off".


+----------------------------------------------------------------------------------+
; Parameter Settings for User Entity Instance: top:inst9|regfile:REGFILE|LPM_FF:R2 ;
+------------------------+-----------+---------------------------------------------+
; Parameter Name         ; Value     ; Type                                        ;
+------------------------+-----------+---------------------------------------------+
; LPM_WIDTH              ; 16        ; Untyped                                     ;
; LPM_AVALUE             ; UNUSED    ; Untyped                                     ;
; LPM_SVALUE             ; UNUSED    ; Untyped                                     ;
; LPM_FFTYPE             ; DFF       ; Untyped                                     ;
; DEVICE_FAMILY          ; Cyclone V ; Untyped                                     ;
; CBXI_PARAMETER         ; NOTHING   ; Untyped                                     ;
; AUTO_CARRY_CHAINS      ; ON        ; AUTO_CARRY                                  ;
; IGNORE_CARRY_BUFFERS   ; OFF       ; IGNORE_CARRY                                ;
; AUTO_CASCADE_CHAINS    ; ON        ; AUTO_CASCADE                                ;
; IGNORE_CASCADE_BUFFERS ; OFF       ; IGNORE_CASCADE                              ;
+------------------------+-----------+---------------------------------------------+
Note: In order to hide this table in the UI and the text report file, please set the "Show Parameter Settings in Synthesis Report" option in "Analysis and Synthesis Settings -> More Settings" to "Off".


+----------------------------------------------------------------------------------+
; Parameter Settings for User Entity Instance: top:inst9|regfile:REGFILE|LPM_FF:R3 ;
+------------------------+-----------+---------------------------------------------+
; Parameter Name         ; Value     ; Type                                        ;
+------------------------+-----------+---------------------------------------------+
; LPM_WIDTH              ; 16        ; Untyped                                     ;
; LPM_AVALUE             ; UNUSED    ; Untyped                                     ;
; LPM_SVALUE             ; UNUSED    ; Untyped                                     ;
; LPM_FFTYPE             ; DFF       ; Untyped                                     ;
; DEVICE_FAMILY          ; Cyclone V ; Untyped                                     ;
; CBXI_PARAMETER         ; NOTHING   ; Untyped                                     ;
; AUTO_CARRY_CHAINS      ; ON        ; AUTO_CARRY                                  ;
; IGNORE_CARRY_BUFFERS   ; OFF       ; IGNORE_CARRY                                ;
; AUTO_CASCADE_CHAINS    ; ON        ; AUTO_CASCADE                                ;
; IGNORE_CASCADE_BUFFERS ; OFF       ; IGNORE_CASCADE                              ;
+------------------------+-----------+---------------------------------------------+
Note: In order to hide this table in the UI and the text report file, please set the "Show Parameter Settings in Synthesis Report" option in "Analysis and Synthesis Settings -> More Settings" to "Off".


+----------------------------------------------------------------------------------+
; Parameter Settings for User Entity Instance: top:inst9|regfile:REGFILE|LPM_FF:R0 ;
+------------------------+-----------+---------------------------------------------+
; Parameter Name         ; Value     ; Type                                        ;
+------------------------+-----------+---------------------------------------------+
; LPM_WIDTH              ; 16        ; Untyped                                     ;
; LPM_AVALUE             ; UNUSED    ; Untyped                                     ;
; LPM_SVALUE             ; UNUSED    ; Untyped                                     ;
; LPM_FFTYPE             ; DFF       ; Untyped                                     ;
; DEVICE_FAMILY          ; Cyclone V ; Untyped                                     ;
; CBXI_PARAMETER         ; NOTHING   ; Untyped                                     ;
; AUTO_CARRY_CHAINS      ; ON        ; AUTO_CARRY                                  ;
; IGNORE_CARRY_BUFFERS   ; OFF       ; IGNORE_CARRY                                ;
; AUTO_CASCADE_CHAINS    ; ON        ; AUTO_CASCADE                                ;
; IGNORE_CASCADE_BUFFERS ; OFF       ; IGNORE_CASCADE                              ;
+------------------------+-----------+---------------------------------------------+
Note: In order to hide this table in the UI and the text report file, please set the "Show Parameter Settings in Synthesis Report" option in "Analysis and Synthesis Settings -> More Settings" to "Off".


+------------------------------------------------------------------------------------+
; Parameter Settings for User Entity Instance: top:inst9|regfile:REGFILE|BUSMUX:MUX2 ;
+----------------+-------+-----------------------------------------------------------+
; Parameter Name ; Value ; Type                                                      ;
+----------------+-------+-----------------------------------------------------------+
; WIDTH          ; 16    ; Signed Integer                                            ;
+----------------+-------+-----------------------------------------------------------+
Note: In order to hide this table in the UI and the text report file, please set the "Show Parameter Settings in Synthesis Report" option in "Analysis and Synthesis Settings -> More Settings" to "Off".


+--------------------------------------------------------------------------------------+
; Parameter Settings for User Entity Instance: top:inst9|regfile:REGFILE|LPM_MUX:MUX4B ;
+------------------------+-----------+-------------------------------------------------+
; Parameter Name         ; Value     ; Type                                            ;
+------------------------+-----------+-------------------------------------------------+
; AUTO_CARRY_CHAINS      ; ON        ; AUTO_CARRY                                      ;
; IGNORE_CARRY_BUFFERS   ; OFF       ; IGNORE_CARRY                                    ;
; AUTO_CASCADE_CHAINS    ; ON        ; AUTO_CASCADE                                    ;
; IGNORE_CASCADE_BUFFERS ; OFF       ; IGNORE_CASCADE                                  ;
; LPM_WIDTH              ; 16        ; Untyped                                         ;
; LPM_SIZE               ; 4         ; Untyped                                         ;
; LPM_WIDTHS             ; 2         ; Untyped                                         ;
; LPM_PIPELINE           ; 0         ; Untyped                                         ;
; CBXI_PARAMETER         ; mux_ilc   ; Untyped                                         ;
; DEVICE_FAMILY          ; Cyclone V ; Untyped                                         ;
+------------------------+-----------+-------------------------------------------------+
Note: In order to hide this table in the UI and the text report file, please set the "Show Parameter Settings in Synthesis Report" option in "Analysis and Synthesis Settings -> More Settings" to "Off".


+---------------------------------------------------------+
; Parameter Settings for User Entity Instance: BUSMUX:MUX ;
+----------------+-------+--------------------------------+
; Parameter Name ; Value ; Type                           ;
+----------------+-------+--------------------------------+
; WIDTH          ; 16    ; Signed Integer                 ;
+----------------+-------+--------------------------------+
Note: In order to hide this table in the UI and the text report file, please set the "Show Parameter Settings in Synthesis Report" option in "Analysis and Synthesis Settings -> More Settings" to "Off".


+--------------------------------------------------------+
; Parameter Settings for User Entity Instance: LPM_FF:IR ;
+------------------------+-----------+-------------------+
; Parameter Name         ; Value     ; Type              ;
+------------------------+-----------+-------------------+
; LPM_WIDTH              ; 16        ; Untyped           ;
; LPM_AVALUE             ; UNUSED    ; Untyped           ;
; LPM_SVALUE             ; UNUSED    ; Untyped           ;
; LPM_FFTYPE             ; DFF       ; Untyped           ;
; DEVICE_FAMILY          ; Cyclone V ; Untyped           ;
; CBXI_PARAMETER         ; NOTHING   ; Untyped           ;
; AUTO_CARRY_CHAINS      ; ON        ; AUTO_CARRY        ;
; IGNORE_CARRY_BUFFERS   ; OFF       ; IGNORE_CARRY      ;
; AUTO_CASCADE_CHAINS    ; ON        ; AUTO_CASCADE      ;
; IGNORE_CASCADE_BUFFERS ; OFF       ; IGNORE_CASCADE    ;
+------------------------+-----------+-------------------+
Note: In order to hide this table in the UI and the text report file, please set the "Show Parameter Settings in Synthesis Report" option in "Analysis and Synthesis Settings -> More Settings" to "Off".


+---------------------------------------------------------------------------------------------------+
; Parameter Settings for User Entity Instance: lab5ram1port:lab5ram|altsyncram:altsyncram_component ;
+------------------------------------+----------------------+---------------------------------------+
; Parameter Name                     ; Value                ; Type                                  ;
+------------------------------------+----------------------+---------------------------------------+
; BYTE_SIZE_BLOCK                    ; 8                    ; Untyped                               ;
; AUTO_CARRY_CHAINS                  ; ON                   ; AUTO_CARRY                            ;
; IGNORE_CARRY_BUFFERS               ; OFF                  ; IGNORE_CARRY                          ;
; AUTO_CASCADE_CHAINS                ; ON                   ; AUTO_CASCADE                          ;
; IGNORE_CASCADE_BUFFERS             ; OFF                  ; IGNORE_CASCADE                        ;
; WIDTH_BYTEENA                      ; 1                    ; Untyped                               ;
; OPERATION_MODE                     ; SINGLE_PORT          ; Untyped                               ;
; WIDTH_A                            ; 16                   ; Signed Integer                        ;
; WIDTHAD_A                          ; 12                   ; Signed Integer                        ;
; NUMWORDS_A                         ; 4096                 ; Signed Integer                        ;
; OUTDATA_REG_A                      ; UNREGISTERED         ; Untyped                               ;
; ADDRESS_ACLR_A                     ; NONE                 ; Untyped                               ;
; OUTDATA_ACLR_A                     ; NONE                 ; Untyped                               ;
; WRCONTROL_ACLR_A                   ; NONE                 ; Untyped                               ;
; INDATA_ACLR_A                      ; NONE                 ; Untyped                               ;
; BYTEENA_ACLR_A                     ; NONE                 ; Untyped                               ;
; WIDTH_B                            ; 1                    ; Untyped                               ;
; WIDTHAD_B                          ; 1                    ; Untyped                               ;
; NUMWORDS_B                         ; 1                    ; Untyped                               ;
; INDATA_REG_B                       ; CLOCK1               ; Untyped                               ;
; WRCONTROL_WRADDRESS_REG_B          ; CLOCK1               ; Untyped                               ;
; RDCONTROL_REG_B                    ; CLOCK1               ; Untyped                               ;
; ADDRESS_REG_B                      ; CLOCK1               ; Untyped                               ;
; OUTDATA_REG_B                      ; UNREGISTERED         ; Untyped                               ;
; BYTEENA_REG_B                      ; CLOCK1               ; Untyped                               ;
; INDATA_ACLR_B                      ; NONE                 ; Untyped                               ;
; WRCONTROL_ACLR_B                   ; NONE                 ; Untyped                               ;
; ADDRESS_ACLR_B                     ; NONE                 ; Untyped                               ;
; OUTDATA_ACLR_B                     ; NONE                 ; Untyped                               ;
; RDCONTROL_ACLR_B                   ; NONE                 ; Untyped                               ;
; BYTEENA_ACLR_B                     ; NONE                 ; Untyped                               ;
; WIDTH_BYTEENA_A                    ; 1                    ; Signed Integer                        ;
; WIDTH_BYTEENA_B                    ; 1                    ; Untyped                               ;
; RAM_BLOCK_TYPE                     ; AUTO                 ; Untyped                               ;
; BYTE_SIZE                          ; 8                    ; Untyped                               ;
; READ_DURING_WRITE_MODE_MIXED_PORTS ; DONT_CARE            ; Untyped                               ;
; READ_DURING_WRITE_MODE_PORT_A      ; NEW_DATA_NO_NBE_READ ; Untyped                               ;
; READ_DURING_WRITE_MODE_PORT_B      ; NEW_DATA_NO_NBE_READ ; Untyped                               ;
; INIT_FILE                          ; lab5.mif             ; Untyped                               ;
; INIT_FILE_LAYOUT                   ; PORT_A               ; Untyped                               ;
; MAXIMUM_DEPTH                      ; 0                    ; Untyped                               ;
; CLOCK_ENABLE_INPUT_A               ; BYPASS               ; Untyped                               ;
; CLOCK_ENABLE_INPUT_B               ; NORMAL               ; Untyped                               ;
; CLOCK_ENABLE_OUTPUT_A              ; BYPASS               ; Untyped                               ;
; CLOCK_ENABLE_OUTPUT_B              ; NORMAL               ; Untyped                               ;
; CLOCK_ENABLE_CORE_A                ; USE_INPUT_CLKEN      ; Untyped                               ;
; CLOCK_ENABLE_CORE_B                ; USE_INPUT_CLKEN      ; Untyped                               ;
; ENABLE_ECC                         ; FALSE                ; Untyped                               ;
; ECC_PIPELINE_STAGE_ENABLED         ; FALSE                ; Untyped                               ;
; WIDTH_ECCSTATUS                    ; 3                    ; Untyped                               ;
; DEVICE_FAMILY                      ; Cyclone V            ; Untyped                               ;
; CBXI_PARAMETER                     ; altsyncram_99o1      ; Untyped                               ;
+------------------------------------+----------------------+---------------------------------------+
Note: In order to hide this table in the UI and the text report file, please set the "Show Parameter Settings in Synthesis Report" option in "Analysis and Synthesis Settings -> More Settings" to "Off".


+----------------------------------------------------------+
; Parameter Settings for User Entity Instance: BUSMUX:MUX1 ;
+----------------+-------+---------------------------------+
; Parameter Name ; Value ; Type                            ;
+----------------+-------+---------------------------------+
; WIDTH          ; 12    ; Signed Integer                  ;
+----------------+-------+---------------------------------+
Note: In order to hide this table in the UI and the text report file, please set the "Show Parameter Settings in Synthesis Report" option in "Analysis and Synthesis Settings -> More Settings" to "Off".


+-----------------------------------------------------------------+
; Parameter Settings for User Entity Instance: LPM_COUNTER:inst4  ;
+------------------------+-------------------+--------------------+
; Parameter Name         ; Value             ; Type               ;
+------------------------+-------------------+--------------------+
; AUTO_CARRY_CHAINS      ; ON                ; AUTO_CARRY         ;
; IGNORE_CARRY_BUFFERS   ; OFF               ; IGNORE_CARRY       ;
; AUTO_CASCADE_CHAINS    ; ON                ; AUTO_CASCADE       ;
; IGNORE_CASCADE_BUFFERS ; OFF               ; IGNORE_CASCADE     ;
; LPM_WIDTH              ; 12                ; Signed Integer     ;
; LPM_DIRECTION          ; DEFAULT           ; Untyped            ;
; LPM_MODULUS            ; 0                 ; Untyped            ;
; LPM_AVALUE             ; UNUSED            ; Untyped            ;
; LPM_SVALUE             ; UNUSED            ; Untyped            ;
; LPM_PORT_UPDOWN        ; PORT_CONNECTIVITY ; Untyped            ;
; DEVICE_FAMILY          ; Cyclone V         ; Untyped            ;
; CARRY_CHAIN            ; MANUAL            ; Untyped            ;
; CARRY_CHAIN_LENGTH     ; 48                ; CARRY_CHAIN_LENGTH ;
; NOT_GATE_PUSH_BACK     ; ON                ; NOT_GATE_PUSH_BACK ;
; CARRY_CNT_EN           ; SMART             ; Untyped            ;
; LABWIDE_SCLR           ; ON                ; Untyped            ;
; USE_NEW_VERSION        ; TRUE              ; Untyped            ;
; CBXI_PARAMETER         ; cntr_0gh          ; Untyped            ;
+------------------------+-------------------+--------------------+
Note: In order to hide this table in the UI and the text report file, please set the "Show Parameter Settings in Synthesis Report" option in "Analysis and Synthesis Settings -> More Settings" to "Off".


+----------------------------------------------------------+
; Parameter Settings for User Entity Instance: BUSMUX:MUX3 ;
+----------------+-------+---------------------------------+
; Parameter Name ; Value ; Type                            ;
+----------------+-------+---------------------------------+
; WIDTH          ; 16    ; Signed Integer                  ;
+----------------+-------+---------------------------------+
Note: In order to hide this table in the UI and the text report file, please set the "Show Parameter Settings in Synthesis Report" option in "Analysis and Synthesis Settings -> More Settings" to "Off".


+---------------------------------------------------------------+
; Parameter Settings for User Entity Instance: LPM_ADD_SUB:ALU2 ;
+------------------------+-------------+------------------------+
; Parameter Name         ; Value       ; Type                   ;
+------------------------+-------------+------------------------+
; LPM_WIDTH              ; 16          ; Signed Integer         ;
; LPM_REPRESENTATION     ; SIGNED      ; Untyped                ;
; LPM_DIRECTION          ; DEFAULT     ; Untyped                ;
; ONE_INPUT_IS_CONSTANT  ; NO          ; Untyped                ;
; LPM_PIPELINE           ; 0           ; Untyped                ;
; MAXIMIZE_SPEED         ; 5           ; Untyped                ;
; REGISTERED_AT_END      ; 0           ; Untyped                ;
; OPTIMIZE_FOR_SPEED     ; 5           ; Untyped                ;
; USE_CS_BUFFERS         ; 1           ; Untyped                ;
; CARRY_CHAIN            ; MANUAL      ; Untyped                ;
; CARRY_CHAIN_LENGTH     ; 48          ; CARRY_CHAIN_LENGTH     ;
; DEVICE_FAMILY          ; Cyclone V   ; Untyped                ;
; USE_WYS                ; OFF         ; Untyped                ;
; STYLE                  ; FAST        ; Untyped                ;
; CBXI_PARAMETER         ; add_sub_i1b ; Untyped                ;
; AUTO_CARRY_CHAINS      ; ON          ; AUTO_CARRY             ;
; IGNORE_CARRY_BUFFERS   ; OFF         ; IGNORE_CARRY           ;
; AUTO_CASCADE_CHAINS    ; ON          ; AUTO_CASCADE           ;
; IGNORE_CASCADE_BUFFERS ; OFF         ; IGNORE_CASCADE         ;
+------------------------+-------------+------------------------+
Note: In order to hide this table in the UI and the text report file, please set the "Show Parameter Settings in Synthesis Report" option in "Analysis and Synthesis Settings -> More Settings" to "Off".


+----------------------------------------------------------+
; Parameter Settings for User Entity Instance: BUSMUX:MUX4 ;
+----------------+-------+---------------------------------+
; Parameter Name ; Value ; Type                            ;
+----------------+-------+---------------------------------+
; WIDTH          ; 16    ; Signed Integer                  ;
+----------------+-------+---------------------------------+
Note: In order to hide this table in the UI and the text report file, please set the "Show Parameter Settings in Synthesis Report" option in "Analysis and Synthesis Settings -> More Settings" to "Off".


+-----------------------------------------------------------------+
; Parameter Settings for User Entity Instance: LPM_CONSTANT:inst7 ;
+--------------------+------------------+-------------------------+
; Parameter Name     ; Value            ; Type                    ;
+--------------------+------------------+-------------------------+
; LPM_WIDTH          ; 4                ; Signed Integer          ;
; LPM_CVALUE         ; 0                ; Signed Integer          ;
; ENABLE_RUNTIME_MOD ; NO               ; Untyped                 ;
; CBXI_PARAMETER     ; lpm_constant_v64 ; Untyped                 ;
+--------------------+------------------+-------------------------+
Note: In order to hide this table in the UI and the text report file, please set the "Show Parameter Settings in Synthesis Report" option in "Analysis and Synthesis Settings -> More Settings" to "Off".


+-----------------------------------------------------------+
; Parameter Settings for User Entity Instance: LPM_FF:CARRY ;
+------------------------+-----------+----------------------+
; Parameter Name         ; Value     ; Type                 ;
+------------------------+-----------+----------------------+
; LPM_WIDTH              ; 1         ; Untyped              ;
; LPM_AVALUE             ; UNUSED    ; Untyped              ;
; LPM_SVALUE             ; UNUSED    ; Untyped              ;
; LPM_FFTYPE             ; DFF       ; Untyped              ;
; DEVICE_FAMILY          ; Cyclone V ; Untyped              ;
; CBXI_PARAMETER         ; NOTHING   ; Untyped              ;
; AUTO_CARRY_CHAINS      ; ON        ; AUTO_CARRY           ;
; IGNORE_CARRY_BUFFERS   ; OFF       ; IGNORE_CARRY         ;
; AUTO_CASCADE_CHAINS    ; ON        ; AUTO_CASCADE         ;
; IGNORE_CASCADE_BUFFERS ; OFF       ; IGNORE_CASCADE       ;
+------------------------+-----------+----------------------+
Note: In order to hide this table in the UI and the text report file, please set the "Show Parameter Settings in Synthesis Report" option in "Analysis and Synthesis Settings -> More Settings" to "Off".


+--------------------------------------------------------------------------------------------------+
; altsyncram Parameter Settings by Entity Instance                                                 ;
+-------------------------------------------+------------------------------------------------------+
; Name                                      ; Value                                                ;
+-------------------------------------------+------------------------------------------------------+
; Number of entity instances                ; 1                                                    ;
; Entity Instance                           ; lab5ram1port:lab5ram|altsyncram:altsyncram_component ;
;     -- OPERATION_MODE                     ; SINGLE_PORT                                          ;
;     -- WIDTH_A                            ; 16                                                   ;
;     -- NUMWORDS_A                         ; 4096                                                 ;
;     -- OUTDATA_REG_A                      ; UNREGISTERED                                         ;
;     -- WIDTH_B                            ; 1                                                    ;
;     -- NUMWORDS_B                         ; 1                                                    ;
;     -- ADDRESS_REG_B                      ; CLOCK1                                               ;
;     -- OUTDATA_REG_B                      ; UNREGISTERED                                         ;
;     -- RAM_BLOCK_TYPE                     ; AUTO                                                 ;
;     -- READ_DURING_WRITE_MODE_MIXED_PORTS ; DONT_CARE                                            ;
+-------------------------------------------+------------------------------------------------------+


+-----------------------------------------------------+
; Post-Synthesis Netlist Statistics for Top Partition ;
+-----------------------+-----------------------------+
; Type                  ; Count                       ;
+-----------------------+-----------------------------+
; arriav_ff             ; 96                          ;
;     ENA               ; 65                          ;
;     ENA SLD           ; 12                          ;
;     SLD               ; 16                          ;
;     plain             ; 3                           ;
; arriav_lcell_comb     ; 207                         ;
;     arith             ; 47                          ;
;         0 data inputs ; 1                           ;
;         1 data inputs ; 13                          ;
;         3 data inputs ; 16                          ;
;         4 data inputs ; 17                          ;
;     normal            ; 160                         ;
;         0 data inputs ; 1                           ;
;         1 data inputs ; 2                           ;
;         2 data inputs ; 5                           ;
;         3 data inputs ; 35                          ;
;         4 data inputs ; 43                          ;
;         5 data inputs ; 10                          ;
;         6 data inputs ; 64                          ;
; boundary_port         ; 145                         ;
; stratixv_ram_block    ; 16                          ;
;                       ;                             ;
; Max LUT depth         ; 6.70                        ;
; Average LUT depth     ; 4.74                        ;
+-----------------------+-----------------------------+


+-------------------------------+
; Elapsed Time Per Partition    ;
+----------------+--------------+
; Partition Name ; Elapsed Time ;
+----------------+--------------+
; Top            ; 00:00:00     ;
+----------------+--------------+


+-------------------------------+
; Analysis & Synthesis Messages ;
+-------------------------------+
Info: *******************************************************************
Info: Running Quartus Prime Analysis & Synthesis
    Info: Version 18.1.0 Build 625 09/12/2018 SJ Standard Edition
    Info: Processing started: Mon Mar  9 15:24:02 2020
Info: Command: quartus_map --read_settings_files=on --write_settings_files=off MU0CPUFINAL -c MU0CPUFINAL
Warning (125092): Tcl Script File ram.qip not found
    Info (125063): set_global_assignment -name QIP_FILE ram.qip
Warning (125092): Tcl Script File constant.qip not found
    Info (125063): set_global_assignment -name QIP_FILE constant.qip
Warning (125092): Tcl Script File ram111.qip not found
    Info (125063): set_global_assignment -name QIP_FILE ram111.qip
Warning (18236): Number of processors has not been specified which may cause overloading on shared machines.  Set the global assignment NUM_PARALLEL_PROCESSORS in your QSF to an appropriate value for best performance.
Info (20030): Parallel compilation is enabled and will use 16 of the 24 processors detected
Info (12021): Found 1 design units, including 1 entities, in source file regfile.bdf
    Info (12023): Found entity 1: regfile
Info (12021): Found 1 design units, including 1 entities, in source file top.bdf
    Info (12023): Found entity 1: top
Warning (12019): Can't analyze file -- file ram_inst.v is missing
Info (12021): Found 1 design units, including 1 entities, in source file alu.v
    Info (12023): Found entity 1: alu File: /home/wz1119/nfshome/unpipelined/MU0-CPU-Design/MU0CPUFINAL_shiftdone_restored/alu.v Line: 1
Warning (12019): Can't analyze file -- file ram111_bb.v is missing
Warning (12019): Can't analyze file -- file ram111_inst.v is missing
Warning (12019): Can't analyze file -- file ram_bb.v is missing
Warning (12019): Can't analyze file -- file constant_bb.v is missing
Info (12021): Found 1 design units, including 1 entities, in source file cpu_statemachine.v
    Info (12023): Found entity 1: cpu_statemachine File: /home/wz1119/nfshome/unpipelined/MU0-CPU-Design/MU0CPUFINAL_shiftdone_restored/cpu_statemachine.v Line: 1
Info (12021): Found 1 design units, including 1 entities, in source file MU0CPU.bdf
    Info (12023): Found entity 1: MU0CPU
Info (12021): Found 1 design units, including 1 entities, in source file cpu_decoder.v
    Info (12023): Found entity 1: cpu_decoder File: /home/wz1119/nfshome/unpipelined/MU0-CPU-Design/MU0CPUFINAL_shiftdone_restored/cpu_decoder.v Line: 1
Info (12021): Found 1 design units, including 1 entities, in source file 3_bit_register.bdf
    Info (12023): Found entity 1: 3_bit_register
Warning (12019): Can't analyze file -- file statemachine-isolated-test.bdf is missing
Info (12021): Found 1 design units, including 1 entities, in source file MU0CPUFINAL.bdf
    Info (12023): Found entity 1: MU0CPUFINAL
Info (12021): Found 1 design units, including 1 entities, in source file statemachineisolatedtest.bdf
    Info (12023): Found entity 1: statemachineisolatedtest
Info (12021): Found 1 design units, including 1 entities, in source file DECODER_CHECK.v
    Info (12023): Found entity 1: DECODER_CHECK File: /home/wz1119/nfshome/unpipelined/MU0-CPU-Design/MU0CPUFINAL_shiftdone_restored/DECODER_CHECK.v Line: 1
Info (12021): Found 1 design units, including 1 entities, in source file lab5ram1port.v
    Info (12023): Found entity 1: lab5ram1port File: /home/wz1119/nfshome/unpipelined/MU0-CPU-Design/MU0CPUFINAL_shiftdone_restored/lab5ram1port.v Line: 39
Warning (12019): Can't analyze file -- file skipcontrol.v is missing
Info (12021): Found 1 design units, including 1 entities, in source file skip_ctrl.v
    Info (12023): Found entity 1: skip_ctrl File: /home/wz1119/nfshome/unpipelined/MU0-CPU-Design/MU0CPUFINAL_shiftdone_restored/skip_ctrl.v Line: 1
Warning (10236): Verilog HDL Implicit Net warning at alu.v(38): created implicit net for "alucout" File: /home/wz1119/nfshome/unpipelined/MU0-CPU-Design/MU0CPUFINAL_shiftdone_restored/alu.v Line: 38
Info (12127): Elaborating entity "MU0CPU" for the top level hierarchy
Warning (275002): No superset bus at connection
Info (12128): Elaborating entity "DECODER_CHECK" for hierarchy "DECODER_CHECK:inst"
Warning (10036): Verilog HDL or VHDL warning at DECODER_CHECK.v(21): object "LSL" assigned a value but never read File: /home/wz1119/nfshome/unpipelined/MU0-CPU-Design/MU0CPUFINAL_shiftdone_restored/DECODER_CHECK.v Line: 21
Info (12128): Elaborating entity "cpu_statemachine" for hierarchy "cpu_statemachine:inst3"
Info (12128): Elaborating entity "3_bit_register" for hierarchy "3_bit_register:register3"
Info (12128): Elaborating entity "top" for hierarchy "top:inst9"
Info (12128): Elaborating entity "LPM_FF" for hierarchy "top:inst9|LPM_FF:SKIP"
Info (12130): Elaborated megafunction instantiation "top:inst9|LPM_FF:SKIP"
Info (12133): Instantiated megafunction "top:inst9|LPM_FF:SKIP" with the following parameter:
    Info (12134): Parameter "LPM_WIDTH" = "1"
Info (12128): Elaborating entity "alu" for hierarchy "top:inst9|alu:inst4"
Warning (10036): Verilog HDL or VHDL warning at alu.v(26): object "condinstr" assigned a value but never read File: /home/wz1119/nfshome/unpipelined/MU0-CPU-Design/MU0CPUFINAL_shiftdone_restored/alu.v Line: 26
Warning (10036): Verilog HDL or VHDL warning at alu.v(27): object "cininstr" assigned a value but never read File: /home/wz1119/nfshome/unpipelined/MU0-CPU-Design/MU0CPUFINAL_shiftdone_restored/alu.v Line: 27
Warning (10036): Verilog HDL or VHDL warning at alu.v(28): object "code" assigned a value but never read File: /home/wz1119/nfshome/unpipelined/MU0-CPU-Design/MU0CPUFINAL_shiftdone_restored/alu.v Line: 28
Info (12128): Elaborating entity "skip_ctrl" for hierarchy "top:inst9|skip_ctrl:inst2"
Info (12128): Elaborating entity "regfile" for hierarchy "top:inst9|regfile:REGFILE"
Info (12128): Elaborating entity "LPM_MUX" for hierarchy "top:inst9|regfile:REGFILE|LPM_MUX:MUX4A"
Info (12130): Elaborated megafunction instantiation "top:inst9|regfile:REGFILE|LPM_MUX:MUX4A"
Info (12133): Instantiated megafunction "top:inst9|regfile:REGFILE|LPM_MUX:MUX4A" with the following parameter:
    Info (12134): Parameter "LPM_SIZE" = "4"
    Info (12134): Parameter "LPM_WIDTH" = "16"
    Info (12134): Parameter "LPM_WIDTHS" = "2"
Info (12021): Found 1 design units, including 1 entities, in source file db/mux_ilc.tdf
    Info (12023): Found entity 1: mux_ilc File: /home/wz1119/nfshome/unpipelined/MU0-CPU-Design/MU0CPUFINAL_shiftdone_restored/db/mux_ilc.tdf Line: 22
Info (12128): Elaborating entity "mux_ilc" for hierarchy "top:inst9|regfile:REGFILE|LPM_MUX:MUX4A|mux_ilc:auto_generated" File: /usr/local/altera/18.1/quartus/libraries/megafunctions/lpm_mux.tdf Line: 86
Info (12128): Elaborating entity "LPM_FF" for hierarchy "top:inst9|regfile:REGFILE|LPM_FF:R1"
Info (12130): Elaborated megafunction instantiation "top:inst9|regfile:REGFILE|LPM_FF:R1"
Info (12133): Instantiated megafunction "top:inst9|regfile:REGFILE|LPM_FF:R1" with the following parameter:
    Info (12134): Parameter "LPM_WIDTH" = "16"
Info (12128): Elaborating entity "LPM_DECODE" for hierarchy "top:inst9|regfile:REGFILE|LPM_DECODE:DEMUX4"
Info (12130): Elaborated megafunction instantiation "top:inst9|regfile:REGFILE|LPM_DECODE:DEMUX4"
Info (12133): Instantiated megafunction "top:inst9|regfile:REGFILE|LPM_DECODE:DEMUX4" with the following parameter:
    Info (12134): Parameter "LPM_DECODES" = "4"
    Info (12134): Parameter "LPM_WIDTH" = "2"
Info (12021): Found 1 design units, including 1 entities, in source file db/decode_2of.tdf
    Info (12023): Found entity 1: decode_2of File: /home/wz1119/nfshome/unpipelined/MU0-CPU-Design/MU0CPUFINAL_shiftdone_restored/db/decode_2of.tdf Line: 22
Info (12128): Elaborating entity "decode_2of" for hierarchy "top:inst9|regfile:REGFILE|LPM_DECODE:DEMUX4|decode_2of:auto_generated" File: /usr/local/altera/18.1/quartus/libraries/megafunctions/lpm_decode.tdf Line: 76
Info (12128): Elaborating entity "BUSMUX" for hierarchy "top:inst9|regfile:REGFILE|BUSMUX:MUX2"
Info (12130): Elaborated megafunction instantiation "top:inst9|regfile:REGFILE|BUSMUX:MUX2"
Info (12133): Instantiated megafunction "top:inst9|regfile:REGFILE|BUSMUX:MUX2" with the following parameter:
    Info (12134): Parameter "WIDTH" = "16"
Info (12128): Elaborating entity "LPM_MUX" for hierarchy "top:inst9|regfile:REGFILE|BUSMUX:MUX2|LPM_MUX:$00000" File: /usr/local/altera/18.1/quartus/libraries/megafunctions/busmux.tdf Line: 43
Info (12131): Elaborated megafunction instantiation "top:inst9|regfile:REGFILE|BUSMUX:MUX2|LPM_MUX:$00000", which is child of megafunction instantiation "top:inst9|regfile:REGFILE|BUSMUX:MUX2" File: /usr/local/altera/18.1/quartus/libraries/megafunctions/busmux.tdf Line: 43
Info (12021): Found 1 design units, including 1 entities, in source file db/mux_flc.tdf
    Info (12023): Found entity 1: mux_flc File: /home/wz1119/nfshome/unpipelined/MU0-CPU-Design/MU0CPUFINAL_shiftdone_restored/db/mux_flc.tdf Line: 22
Info (12128): Elaborating entity "mux_flc" for hierarchy "top:inst9|regfile:REGFILE|BUSMUX:MUX2|LPM_MUX:$00000|mux_flc:auto_generated" File: /usr/local/altera/18.1/quartus/libraries/megafunctions/lpm_mux.tdf Line: 86
Info (12128): Elaborating entity "LPM_FF" for hierarchy "LPM_FF:IR"
Info (12130): Elaborated megafunction instantiation "LPM_FF:IR"
Info (12133): Instantiated megafunction "LPM_FF:IR" with the following parameter:
    Info (12134): Parameter "LPM_WIDTH" = "16"
Info (12128): Elaborating entity "lab5ram1port" for hierarchy "lab5ram1port:lab5ram"
Info (12128): Elaborating entity "altsyncram" for hierarchy "lab5ram1port:lab5ram|altsyncram:altsyncram_component" File: /home/wz1119/nfshome/unpipelined/MU0-CPU-Design/MU0CPUFINAL_shiftdone_restored/lab5ram1port.v Line: 85
Info (12130): Elaborated megafunction instantiation "lab5ram1port:lab5ram|altsyncram:altsyncram_component" File: /home/wz1119/nfshome/unpipelined/MU0-CPU-Design/MU0CPUFINAL_shiftdone_restored/lab5ram1port.v Line: 85
Info (12133): Instantiated megafunction "lab5ram1port:lab5ram|altsyncram:altsyncram_component" with the following parameter: File: /home/wz1119/nfshome/unpipelined/MU0-CPU-Design/MU0CPUFINAL_shiftdone_restored/lab5ram1port.v Line: 85
    Info (12134): Parameter "clock_enable_input_a" = "BYPASS"
    Info (12134): Parameter "clock_enable_output_a" = "BYPASS"
    Info (12134): Parameter "init_file" = "lab5.mif"
    Info (12134): Parameter "intended_device_family" = "Cyclone V"
    Info (12134): Parameter "lpm_hint" = "ENABLE_RUNTIME_MOD=NO"
    Info (12134): Parameter "lpm_type" = "altsyncram"
    Info (12134): Parameter "numwords_a" = "4096"
    Info (12134): Parameter "operation_mode" = "SINGLE_PORT"
    Info (12134): Parameter "outdata_aclr_a" = "NONE"
    Info (12134): Parameter "outdata_reg_a" = "UNREGISTERED"
    Info (12134): Parameter "power_up_uninitialized" = "FALSE"
    Info (12134): Parameter "read_during_write_mode_port_a" = "NEW_DATA_NO_NBE_READ"
    Info (12134): Parameter "widthad_a" = "12"
    Info (12134): Parameter "width_a" = "16"
    Info (12134): Parameter "width_byteena_a" = "1"
Info (12021): Found 1 design units, including 1 entities, in source file db/altsyncram_99o1.tdf
    Info (12023): Found entity 1: altsyncram_99o1 File: /home/wz1119/nfshome/unpipelined/MU0-CPU-Design/MU0CPUFINAL_shiftdone_restored/db/altsyncram_99o1.tdf Line: 27
Info (12128): Elaborating entity "altsyncram_99o1" for hierarchy "lab5ram1port:lab5ram|altsyncram:altsyncram_component|altsyncram_99o1:auto_generated" File: /usr/local/altera/18.1/quartus/libraries/megafunctions/altsyncram.tdf Line: 791
Info (12128): Elaborating entity "BUSMUX" for hierarchy "BUSMUX:MUX1"
Info (12130): Elaborated megafunction instantiation "BUSMUX:MUX1"
Info (12133): Instantiated megafunction "BUSMUX:MUX1" with the following parameter:
    Info (12134): Parameter "WIDTH" = "12"
Info (12128): Elaborating entity "LPM_MUX" for hierarchy "BUSMUX:MUX1|LPM_MUX:$00000" File: /usr/local/altera/18.1/quartus/libraries/megafunctions/busmux.tdf Line: 43
Info (12131): Elaborated megafunction instantiation "BUSMUX:MUX1|LPM_MUX:$00000", which is child of megafunction instantiation "BUSMUX:MUX1" File: /usr/local/altera/18.1/quartus/libraries/megafunctions/busmux.tdf Line: 43
Info (12021): Found 1 design units, including 1 entities, in source file db/mux_blc.tdf
    Info (12023): Found entity 1: mux_blc File: /home/wz1119/nfshome/unpipelined/MU0-CPU-Design/MU0CPUFINAL_shiftdone_restored/db/mux_blc.tdf Line: 22
Info (12128): Elaborating entity "mux_blc" for hierarchy "BUSMUX:MUX1|LPM_MUX:$00000|mux_blc:auto_generated" File: /usr/local/altera/18.1/quartus/libraries/megafunctions/lpm_mux.tdf Line: 86
Info (12128): Elaborating entity "LPM_COUNTER" for hierarchy "LPM_COUNTER:inst4"
Info (12130): Elaborated megafunction instantiation "LPM_COUNTER:inst4"
Info (12133): Instantiated megafunction "LPM_COUNTER:inst4" with the following parameter:
    Info (12134): Parameter "LPM_WIDTH" = "12"
Info (12021): Found 1 design units, including 1 entities, in source file db/cntr_0gh.tdf
    Info (12023): Found entity 1: cntr_0gh File: /home/wz1119/nfshome/unpipelined/MU0-CPU-Design/MU0CPUFINAL_shiftdone_restored/db/cntr_0gh.tdf Line: 25
Info (12128): Elaborating entity "cntr_0gh" for hierarchy "LPM_COUNTER:inst4|cntr_0gh:auto_generated" File: /usr/local/altera/18.1/quartus/libraries/megafunctions/lpm_counter.tdf Line: 258
Info (12128): Elaborating entity "LPM_ADD_SUB" for hierarchy "LPM_ADD_SUB:ALU2"
Info (12130): Elaborated megafunction instantiation "LPM_ADD_SUB:ALU2"
Info (12133): Instantiated megafunction "LPM_ADD_SUB:ALU2" with the following parameter:
    Info (12134): Parameter "LPM_WIDTH" = "16"
Info (12021): Found 1 design units, including 1 entities, in source file db/add_sub_i1b.tdf
    Info (12023): Found entity 1: add_sub_i1b File: /home/wz1119/nfshome/unpipelined/MU0-CPU-Design/MU0CPUFINAL_shiftdone_restored/db/add_sub_i1b.tdf Line: 25
Info (12128): Elaborating entity "add_sub_i1b" for hierarchy "LPM_ADD_SUB:ALU2|add_sub_i1b:auto_generated" File: /usr/local/altera/18.1/quartus/libraries/megafunctions/lpm_add_sub.tdf Line: 118
Info (12128): Elaborating entity "LPM_CONSTANT" for hierarchy "LPM_CONSTANT:inst7"
Info (12130): Elaborated megafunction instantiation "LPM_CONSTANT:inst7"
Info (12133): Instantiated megafunction "LPM_CONSTANT:inst7" with the following parameter:
    Info (12134): Parameter "LPM_CVALUE" = "0"
    Info (12134): Parameter "LPM_WIDTH" = "4"
Info (12128): Elaborating entity "LPM_FF" for hierarchy "LPM_FF:CARRY"
Info (12130): Elaborated megafunction instantiation "LPM_FF:CARRY"
Info (12133): Instantiated megafunction "LPM_FF:CARRY" with the following parameter:
    Info (12134): Parameter "LPM_WIDTH" = "1"
Warning (13024): Output pins are stuck at VCC or GND
    Warning (13410): Pin "FLIPFLOP" is stuck at GND
Info (286030): Timing-Driven Synthesis is running
Info (16010): Generating hard_block partition "hard_block:auto_generated_inst"
    Info (16011): Adding 0 node(s), including 0 DDIO, 0 PLL, 0 transceiver and 0 LCELL
Info (21057): Implemented 430 device resources after synthesis - the final resource count might be different
    Info (21058): Implemented 1 input pins
    Info (21059): Implemented 144 output pins
    Info (21061): Implemented 269 logic cells
    Info (21064): Implemented 16 RAM segments
Info: Quartus Prime Analysis & Synthesis was successful. 0 errors, 19 warnings
    Info: Peak virtual memory: 1245 megabytes
    Info: Processing ended: Mon Mar  9 15:24:13 2020
    Info: Elapsed time: 00:00:11
    Info: Total CPU time (on all processors): 00:00:28


